<?xml version="1.0" encoding="UTF-8"?>
<!-- Generated by org.testng.reporters.JUnitReportReporter -->
<testsuite skipped="0" hostname="DESKTOP-E81E7CK" name="com.crm.qa.testcases.HomePageTest" tests="3" failures="0" timestamp="14 Jun 2019 01:56:22 GMT" time="65.432" errors="0">
  <testcase name="verifyHomePageTitleTest" time="19.076" classname="com.crm.qa.testcases.HomePageTest"/>
  <testcase name="verifyUserNameTest" time="17.113" classname="com.crm.qa.testcases.HomePageTest"/>
  <testcase name="verifyContactsLinkTest" time="29.243" classname="com.crm.qa.testcases.HomePageTest"/>
</testsuite> <!-- com.crm.qa.testcases.HomePageTest -->
